This file contains any messages produced by compilers while
running configure, to aid debugging if configure makes a mistake.

configure:529: checking for gcc
configure:642: checking whether the C compiler (gcc  ) works
configure:658: gcc -o conftest    conftest.c  1>&5
configure:655:1: warning: return type defaults to 'int' [-Wimplicit-int]
  655 | main(){return(0);}
      | ^~~~
configure:684: checking whether the C compiler (gcc  ) is a cross-compiler
configure:689: checking whether we are using GNU C
configure:698: gcc -E conftest.c
configure:717: checking whether gcc accepts -g
configure:753: checking for c++
configure:785: checking whether the C++ compiler (c++  ) works
configure:801: c++ -o conftest    conftest.C  1>&5
configure:827: checking whether the C++ compiler (c++  ) is a cross-compiler
configure:832: checking whether we are using GNU C++
configure:841: c++ -E conftest.C
configure:860: checking whether c++ accepts -g
configure:909: gcc -c -g -O2  conftest.c 1>&5
configure:926: gcc -c -g -O2  conftest.c 1>&5
configure: In function 'main':
configure:922:1: warning: implicit declaration of function 'exit' [-Wimplicit-function-declaration]
  922 | exit (42);
      | ^~~~
configure:922:1: warning: incompatible implicit declaration of built-in function 'exit'
configure:920:1: note: include '<stdlib.h>' or provide a declaration of 'exit'
  919 | #include "confdefs.h"
  +++ |+#include <stdlib.h>
  920 | $ac_declaration
configure:973: checking for a BSD compatible install
configure:1028: checking for autoconf
configure:1058: checking how to run the C preprocessor
configure:1079: gcc -E  conftest.c >/dev/null 2>conftest.out
configure:1138: checking for ANSI C header files
configure:1151: gcc -E  conftest.c >/dev/null 2>conftest.out
configure:1218: gcc -o conftest -g -O2   conftest.c  1>&5
configure: In function 'main':
configure:1213:67: warning: implicit declaration of function 'exit' [-Wimplicit-function-declaration]
 1213 | if (XOR (islower (i), ISLOWER (i)) || toupper (i) != TOUPPER (i)) exit(2);
      |                                                                   ^~~~
configure:1213:67: warning: incompatible implicit declaration of built-in function 'exit'
configure:1209:1: note: include '<stdlib.h>' or provide a declaration of 'exit'
 1208 | #include <ctype.h>
  +++ |+#include <stdlib.h>
 1209 | #define ISLOWER(c) ('a' <= (c) && (c) <= 'z')
configure:1214:1: warning: incompatible implicit declaration of built-in function 'exit'
 1214 | exit (0); }
      | ^~~~
configure:1214:1: note: include '<stdlib.h>' or provide a declaration of 'exit'
configure:1242: checking for XMLByte
configure:1282: checking host system type
